make all --print-data-base --no-builtin-variables --no-builtin-rules --question
make: *** No rule to make target 'all'.  Stop.

# GNU Make 4.3
# Built for x86_64-pc-linux-gnu
# Copyright (C) 1988-2020 Free Software Foundation, Inc.
# License GPLv3+: GNU GPL version 3 or later <http://gnu.org/licenses/gpl.html>
# This is free software: you are free to change and redistribute it.
# There is NO WARRANTY, to the extent permitted by law.

# Make data base, printed on Sat Sep 24 16:11:59 2022

# Variables

# environment
GDK_BACKEND = x11
# environment
LC_ALL = C
# environment
NO_AT_BRIDGE = 1
# environment
GTK_RC_FILES = /etc/gtk/gtkrc:/home/daniel/.gtkrc:/home/daniel/.config/gtkrc
# makefile (from 'Makefile', line 32)
EXE_CUDA := 
# environment
LC_NAME = en_US.UTF-8
# environment
LC_NUMERIC = en_US.UTF-8
# environment
VSCODE_CWD = /home/daniel/Desktop/HPC/daniel.guariglia/src
# makefile (from 'Makefile', line 40)
NVLDLIBS = -lm
# environment
LC_ADDRESS = en_US.UTF-8
# default
MAKE_COMMAND := make
# makefile (from 'Makefile', line 39)
NVCFLAGS = 
# environment
GTK3_MODULES = xapp-gtk3-module
# automatic
@D = $(patsubst %/,%,$(dir $@))
# environment
VSCODE_HANDLES_UNCAUGHT_ERRORS = true
# default
.VARIABLES := 
# environment
PWD = /home/daniel/Desktop/HPC/daniel.guariglia/src
# automatic
%D = $(patsubst %/,%,$(dir $%))
# environment
MAIL = /var/spool/mail/daniel
# environment
XDG_DATA_DIRS = /home/daniel/.local/share/flatpak/exports/share:/var/lib/flatpak/exports/share:/usr/local/share:/usr/share:/var/lib/snapd/desktop
# automatic
^D = $(patsubst %/,%,$(dir $^))
# automatic
%F = $(notdir $%)
# environment
VSCODE_CODE_CACHE_PATH = /home/daniel/.config/Code/CachedData/3b889b090b5ad5793f524b5d1d39fda662b96a2a
# environment
XDG_SESSION_PATH = /org/freedesktop/DisplayManager/Session4
# environment
LANG = C
# environment
XAUTHORITY = /home/daniel/.Xauthority
# default
.LOADED := 
# default
.INCLUDE_DIRS = /usr/include /usr/local/include /usr/include
# makefile
MAKEFLAGS = pqrR
# makefile
CURDIR := /home/daniel/Desktop/HPC/daniel.guariglia/src
# environment
APPLICATION_INSIGHTS_NO_DIAGNOSTIC_CHANNEL = 1
# automatic
*D = $(patsubst %/,%,$(dir $*))
# environment
PAM_KWALLET5_LOGIN = /run/user/1000/kwallet5.socket
# environment
MFLAGS = -pqrR
# default
.SHELLFLAGS := -c
# environment
QT_LINUX_ACCESSIBILITY_ALWAYS_ON = 1
# environment
XDG_CONFIG_DIRS = /home/daniel/.config/kdedefaults:/etc/xdg
# automatic
+D = $(patsubst %/,%,$(dir $+))
# environment
XCURSOR_THEME = breeze_cursors
# environment
XDG_SESSION_DESKTOP = KDE
# makefile (from 'Makefile', line 1)
MAKEFILE_LIST := Makefile
# automatic
@F = $(notdir $@)
# environment
VSCODE_PID = 20769
# environment
XDG_SESSION_TYPE = x11
# automatic
?D = $(patsubst %/,%,$(dir $?))
# environment
SESSION_MANAGER = local/daniel-pc:@/tmp/.ICE-unix/20282,unix/daniel-pc:/tmp/.ICE-unix/20282
# automatic
*F = $(notdir $*)
# environment
CHROME_DESKTOP = code-url-handler.desktop
# environment
DBUS_SESSION_BUS_ADDRESS = unix:path=/run/user/1000/bus
# automatic
<D = $(patsubst %/,%,$(dir $<))
# makefile (from 'Makefile', line 38)
NVCC := nvcc
# environment
VSCODE_NLS_CONFIG = {"locale":"en-us","availableLanguages":{},"_languagePackSupport":true}
# default
MAKE_HOST := x86_64-pc-linux-gnu
# makefile
SHELL = /bin/sh
# default
MAKECMDGOALS := all
# environment
SHLVL = 1
# environment
MAKELEVEL := 0
# default
MAKE = $(MAKE_COMMAND)
# environment
PATH = /home/daniel/.local/bin:/usr/local/sbin:/usr/local/bin:/usr/bin:/usr/bin/site_perl:/usr/bin/vendor_perl:/usr/bin/core_perl:/var/lib/snapd/snap/bin
# default
MAKEFILES := 
# environment
LC_MONETARY = en_US.UTF-8
# environment
MOTD_SHOWN = pam
# automatic
^F = $(notdir $^)
# makefile (from 'Makefile', line 37)
LDLIBS = -lm
# makefile (from 'Makefile', line 31)
EXE_MPI := mpi-hpp
# environment
LC_TIME = it_IT.UTF-8
# environment
INVOCATION_ID = 43c93d158d8342ef8dff74954cbaf495
# environment
LC_TELEPHONE = en_US.UTF-8
# automatic
?F = $(notdir $?)
# environment
KDE_APPLICATIONS_AS_SCOPE = 1
# environment
XDG_SEAT = seat0
# environment
XDG_CURRENT_DESKTOP = KDE
# automatic
+F = $(notdir $+)
# environment
XDG_SEAT_PATH = /org/freedesktop/DisplayManager/Seat0
# environment
DESKTOP_SESSION = plasma
# environment
ORIGINAL_XDG_CURRENT_DESKTOP = KDE
# 'override' directive
GNUMAKEFLAGS := 
# environment
QT_SCREEN_SCALE_FACTORS = eDP-1=1.25;HDMI-1=1.25;
# environment
LOGNAME = daniel
# makefile (from 'Makefile', line 35)
EXE := omp-hpp mpi-hpp hpp 
# environment
XDG_VTNR = 1
# makefile (from 'Makefile', line 30)
EXE_OMP := omp-hpp
# makefile
.DEFAULT_GOAL := ALL
# environment
SYSTEMD_EXEC_PID = 20323
# environment
DISPLAY = :0
# environment
GTK_MODULES = canberra-gtk-module
# environment
USER = daniel
# default
MAKE_VERSION := 4.3
# environment
KDE_SESSION_UID = 1000
# environment
MANAGERPID = 20221
# environment
LC_MEASUREMENT = en_US.UTF-8
# makefile (from 'Makefile', line 34)
EXE_SERIAL := hpp
# environment
_ = /usr/bin/make
# environment
LC_PAPER = en_US.UTF-8
# environment
XDG_RUNTIME_DIR = /run/user/1000
# makefile (from 'Makefile', line 36)
CFLAGS = -std=c99 -Wall -Wpedantic -O2
# environment
JOURNAL_STREAM = 8:282756
# makefile (from 'Makefile', line 33)
DATAFILES := 
# environment
XDG_SESSION_CLASS = user
# environment
VSCODE_AMD_ENTRYPOINT = vs/workbench/api/node/extensionHostProcess
# environment
GTK2_RC_FILES = /etc/gtk-2.0/gtkrc:/home/daniel/.gtkrc-2.0:/home/daniel/.config/gtkrc-2.0
# environment
HOME = /home/daniel
# environment
ELECTRON_RUN_AS_NODE = 1
# environment
VSCODE_IPC_HOOK = /run/user/1000/vscode-419f9acc-1.69.2-main.sock
# environment
XDG_SESSION_ID = 7
# environment
XCURSOR_SIZE = 24
# default
.RECIPEPREFIX := 
# automatic
<F = $(notdir $<)
# default
SUFFIXES := 
# environment
QT_AUTO_SCREEN_SCALE_FACTOR = 0
# environment
VSCODE_CLI = 1
# environment
ELECTRON_NO_ATTACH_CONSOLE = 1
# environment
KDE_SESSION_VERSION = 5
# default
.FEATURES := target-specific order-only second-expansion else-if shortest-stem undefine oneshell nocomment grouped-target extra-prereqs archives jobserver output-sync check-symlink guile load
# environment
KDE_FULL_SESSION = true
# environment
LC_IDENTIFICATION = en_US.UTF-8
# variable set hash-table stats:
# Load=116/1024=11%, Rehash=0, Collisions=4/162=2%

# Pattern-specific Variable Values

# No pattern-specific variable values.

# Directories

# . (device 66308, inode 1985325): 15 files, 2 impossibilities.

# 15 files, 2 impossibilities in 1 directories.

# Implicit Rules

%: %.cu
#  recipe to execute (from 'Makefile', line 52):
	$(NVCC) $(NVCFLAGS) $< -o $@ $(NVLDLIBS)

# 1 implicit rules, 0 (0.0%) terminal.
# Files

# Not a target:
Makefile:
#  Implicit rule search has been done.
#  Last modified 2021-11-23 15:29:59
#  File has been updated.
#  Successfully updated.

openmp: omp-hpp
#  Implicit rule search has not been done.
#  Modification time never checked.
#  File has not been updated.

clean:
#  Phony target (prerequisite of .PHONY).
#  Implicit rule search has not been done.
#  File does not exist.
 
#  File has not been updated.
#  recipe to execute (from 'Makefile', line 63):
	\rm -f $(EXE) hpp-movie *.o *~ *.pbm *.pgm *.avi

ALL: omp-hpp mpi-hpp hpp
#  Implicit rule search has not been done.
#  Modification time never checked.
#  File has not been updated.

# makefile (from 'Makefile', line 57)
mpi-hpp: CC = mpicc
# Not a target:
mpi-hpp:
#  Implicit rule search has not been done.
#  Modification time never checked.
#  File has not been updated.
# variable set hash-table stats:
# Load=1/32=3%, Rehash=0, Collisions=0/2=0%

mpi: mpi-hpp
#  Implicit rule search has not been done.
#  Modification time never checked.
#  File has not been updated.

# Not a target:
.DEFAULT:
#  Implicit rule search has not been done.
#  Modification time never checked.
#  File has not been updated.

# Not a target:
all:
#  Command line target.
#  Implicit rule search has been done.
#  File does not exist.
#  File has not been updated.

# Not a target:
hpp:
#  Implicit rule search has not been done.
#  Modification time never checked.
#  File has not been updated.

# makefile (from 'Makefile', line 54)
omp-hpp: CFLAGS += -fopenmp
# Not a target:
omp-hpp:
#  Implicit rule search has not been done.
#  Modification time never checked.
#  File has not been updated.
# variable set hash-table stats:
# Load=1/32=3%, Rehash=0, Collisions=0/3=0%

cuda:
#  Implicit rule search has not been done.
#  Modification time never checked.
#  File has not been updated.

movie:
#  Implicit rule search has not been done.
#  Modification time never checked.
#  File has not been updated.
#  recipe to execute (from 'Makefile', line 47):
	$(CC) $(CFLAGS) -DDUMP_ALL hpp.c -o hpp-movie $(LDLIBS)
	./hpp-movie 256 256 cannon.in
	ffmpeg -y -i "hpp%05d.pgm" -vcodec mpeg4 movie.avi

.PHONY: clean
#  Implicit rule search has not been done.
#  Modification time never checked.
#  File has not been updated.

# files hash-table stats:
# Load=14/1024=1%, Rehash=0, Collisions=0/37=0%
# VPATH Search Paths

# No 'vpath' search paths.

# No general ('VPATH' variable) search path.

# strcache buffers: 1 (0) / strings = 32 / storage = 253 B / avg = 7 B
# current buf: size = 8162 B / used = 253 B / count = 32 / avg = 7 B

# strcache performance: lookups = 54 / hit rate = 40%
# hash-table stats:
# Load=32/8192=0%, Rehash=0, Collisions=0/54=0%
# Finished Make data base on Sat Sep 24 16:11:59 2022

 
